<?xml version="1.0" encoding="UTF-8"?>
<testng-results ignored="0" total="1" passed="1" failed="0" skipped="0">
  <reporter-output>
  </reporter-output>
  <suite started-at="2025-05-19T16:54:34 IST" name="Default suite" finished-at="2025-05-19T16:54:45 IST" duration-ms="11098">
    <groups>
    </groups>
    <test started-at="2025-05-19T16:54:34 IST" name="Default test" finished-at="2025-05-19T16:54:45 IST" duration-ms="11098">
      <class name="testScript.ManageCategoryTest">
        <test-method is-config="true" signature="initializebrowser()[pri:0, instance:testScript.ManageCategoryTest@7526515b]" started-at="2025-05-19T16:54:34 IST" name="initializebrowser" finished-at="2025-05-19T16:54:38 IST" duration-ms="3696" status="PASS">
          <reporter-output>
          </reporter-output>
        </test-method> <!-- initializebrowser -->
        <test-method is-config="true" signature="verifyManageCategory()[pri:0, instance:testScript.ManageCategoryTest@7526515b]" started-at="2025-05-19T16:54:38 IST" name="verifyManageCategory" description="Verify the user able to navigate successfully to manage category" finished-at="2025-05-19T16:54:41 IST" duration-ms="3413" status="PASS">
          <reporter-output>
          </reporter-output>
        </test-method> <!-- verifyManageCategory -->
        <test-method signature="addNewCategory()[pri:0, instance:testScript.ManageCategoryTest@7526515b]" started-at="2025-05-19T16:54:41 IST" name="addNewCategory" description="Verify the user able to Add New category" finished-at="2025-05-19T16:54:43 IST" duration-ms="2036" status="PASS">
          <reporter-output>
          </reporter-output>
        </test-method> <!-- addNewCategory -->
        <test-method is-config="true" signature="searchCategory()[pri:0, instance:testScript.ManageCategoryTest@7526515b]" started-at="2025-05-19T16:54:43 IST" name="searchCategory" description="Verify user able to search category successfully" finished-at="2025-05-19T16:54:45 IST" duration-ms="1857" status="PASS">
          <reporter-output>
          </reporter-output>
        </test-method> <!-- searchCategory -->
        <test-method is-config="true" signature="driverQuit(org.testng.ITestResult)[pri:0, instance:testScript.ManageCategoryTest@7526515b]" started-at="2025-05-19T16:54:45 IST" name="driverQuit" finished-at="2025-05-19T16:54:45 IST" duration-ms="11" status="PASS">
          <params>
            <param index="0">
              <value>
                <![CDATA[[TestResult name=addNewCategory status=SUCCESS method=ManageCategoryTest.addNewCategory()[pri:0, instance:testScript.ManageCategoryTest@7526515b] output={null}]]]>
              </value>
            </param>
          </params>
          <reporter-output>
          </reporter-output>
        </test-method> <!-- driverQuit -->
      </class> <!-- testScript.ManageCategoryTest -->
    </test> <!-- Default test -->
  </suite> <!-- Default suite -->
</testng-results>
