<?xml version="1.0" encoding="UTF-8"?>
<testng-results ignored="0" total="1" passed="1" failed="0" skipped="0">
  <reporter-output>
  </reporter-output>
  <suite started-at="2025-05-20T12:57:55 IST" name="Default suite" finished-at="2025-05-20T12:58:10 IST" duration-ms="15198">
    <groups>
    </groups>
    <test started-at="2025-05-20T12:57:55 IST" name="Default test" finished-at="2025-05-20T12:58:10 IST" duration-ms="15198">
      <class name="testScript.AdminUserTest">
        <test-method is-config="true" signature="initializebrowser()[pri:0, instance:testScript.AdminUserTest@6e6f2380]" started-at="2025-05-20T12:57:55 IST" name="initializebrowser" finished-at="2025-05-20T12:58:00 IST" duration-ms="5458" status="PASS">
          <reporter-output>
          </reporter-output>
        </test-method> <!-- initializebrowser -->
        <test-method is-config="true" signature="verifyUserabletoCreateNewAdminuser()[pri:0, instance:testScript.AdminUserTest@6e6f2380]" started-at="2025-05-20T12:58:00 IST" name="verifyUserabletoCreateNewAdminuser" description="Verify the admin able to create new admin user" finished-at="2025-05-20T12:58:08 IST" duration-ms="7572" status="PASS">
          <reporter-output>
          </reporter-output>
        </test-method> <!-- verifyUserabletoCreateNewAdminuser -->
        <test-method signature="verifytheSearchofAddedUser()[pri:0, instance:testScript.AdminUserTest@6e6f2380]" started-at="2025-05-20T12:58:08 IST" name="verifytheSearchofAddedUser" description="Verify the admin able to search the new user added" finished-at="2025-05-20T12:58:10 IST" duration-ms="2059" status="PASS">
          <reporter-output>
          </reporter-output>
        </test-method> <!-- verifytheSearchofAddedUser -->
        <test-method is-config="true" signature="driverQuit(org.testng.ITestResult)[pri:0, instance:testScript.AdminUserTest@6e6f2380]" started-at="2025-05-20T12:58:10 IST" name="driverQuit" finished-at="2025-05-20T12:58:10 IST" duration-ms="15" status="PASS">
          <params>
            <param index="0">
              <value>
                <![CDATA[[TestResult name=verifytheSearchofAddedUser status=SUCCESS method=AdminUserTest.verifytheSearchofAddedUser()[pri:0, instance:testScript.AdminUserTest@6e6f2380] output={null}]]]>
              </value>
            </param>
          </params>
          <reporter-output>
          </reporter-output>
        </test-method> <!-- driverQuit -->
      </class> <!-- testScript.AdminUserTest -->
    </test> <!-- Default test -->
  </suite> <!-- Default suite -->
</testng-results>
