<?xml version="1.0" encoding="UTF-8"?>
<!-- Generated by org.testng.reporters.JUnitXMLReporter -->
<testsuite ignored="3" hostname="ASISH" failures="0" tests="2" name="Test" time="10.96" errors="0" timestamp="2025-05-20T19:21:23 IST">
  <testcase classname="testScript.HomeTest" name="verifyWhetherUserisabletosuccessfullyLogoutfromeHomePage" time="2.556"/>
  <testcase classname="testScript.LoginTest" name="verifyUsercansuccessfullyloginwithvalidcredentials" time="1.697"/>
  <testcase classname="testScript.LoginTest" name="verifyfailureloginwithinvalidcredentials" time="0.0">
    <ignored/>
  </testcase> <!-- verifyfailureloginwithinvalidcredentials -->
  <testcase classname="testScript.LoginTest" name="verifyfailureloginwithinvalidpasswordinvalidusername" time="0.0">
    <ignored/>
  </testcase> <!-- verifyfailureloginwithinvalidpasswordinvalidusername -->
  <testcase classname="testScript.LoginTest" name="verifyfailureloginwithinvalidpasswordvalidusername" time="0.0">
    <ignored/>
  </testcase> <!-- verifyfailureloginwithinvalidpasswordvalidusername -->
</testsuite> <!-- Test -->
