<?xml version="1.0" encoding="UTF-8"?>
<!-- Generated by org.testng.reporters.JUnitXMLReporter -->
<testsuite ignored="1" hostname="ASISH" failures="0" tests="1" name="Test" time="17.156" errors="0" timestamp="2025-05-29T14:56:10 IST">
  <testcase classname="testScript.ManageCategoryTest" name="verifyuserAbletoAddNewCategory" time="11.576"/>
  <testcase classname="testScript.ManageCategoryTest" name="searchCategory" time="0.0">
    <ignored/>
  </testcase> <!-- searchCategory -->
</testsuite> <!-- Test -->
